{"C:\\Users\\User\\Desktop\\dev\\stellar-burgers\\src\\services\\slices\\burgerConstructorSlice.ts": {"path":"C:\\Users\\User\\Desktop\\dev\\stellar-burgers\\src\\services\\slices\\burgerConstructorSlice.ts","all":false,"statementMap":{"0":{"start":{"line":1,"column":0},"end":{"line":1,"column":70}},"1":{"start":{"line":2,"column":0},"end":{"line":2,"column":72}},"2":{"start":{"line":3,"column":0},"end":{"line":3,"column":36}},"3":{"start":{"line":4,"column":0},"end":{"line":4,"column":0}},"4":{"start":{"line":5,"column":0},"end":{"line":5,"column":41}},"5":{"start":{"line":6,"column":0},"end":{"line":6,"column":22}},"6":{"start":{"line":7,"column":0},"end":{"line":7,"column":39}},"7":{"start":{"line":8,"column":0},"end":{"line":8,"column":42}},"8":{"start":{"line":9,"column":0},"end":{"line":9,"column":4}},"9":{"start":{"line":10,"column":0},"end":{"line":10,"column":23}},"10":{"start":{"line":11,"column":0},"end":{"line":11,"column":1}},"11":{"start":{"line":12,"column":0},"end":{"line":12,"column":0}},"12":{"start":{"line":13,"column":0},"end":{"line":13,"column":53}},"13":{"start":{"line":14,"column":0},"end":{"line":14,"column":22}},"14":{"start":{"line":15,"column":0},"end":{"line":15,"column":14}},"15":{"start":{"line":16,"column":0},"end":{"line":16,"column":19}},"16":{"start":{"line":17,"column":0},"end":{"line":17,"column":4}},"17":{"start":{"line":18,"column":0},"end":{"line":18,"column":13}},"18":{"start":{"line":19,"column":0},"end":{"line":19,"column":2}},"19":{"start":{"line":20,"column":0},"end":{"line":20,"column":0}},"20":{"start":{"line":21,"column":0},"end":{"line":21,"column":44}},"21":{"start":{"line":22,"column":0},"end":{"line":22,"column":28}},"22":{"start":{"line":23,"column":0},"end":{"line":23,"column":15}},"23":{"start":{"line":24,"column":0},"end":{"line":24,"column":14}},"24":{"start":{"line":25,"column":0},"end":{"line":25,"column":65}},"25":{"start":{"line":26,"column":0},"end":{"line":26,"column":29}},"26":{"start":{"line":27,"column":0},"end":{"line":27,"column":4}},"27":{"start":{"line":28,"column":0},"end":{"line":28,"column":13}},"28":{"start":{"line":29,"column":0},"end":{"line":29,"column":20}},"29":{"start":{"line":30,"column":0},"end":{"line":30,"column":74}},"30":{"start":{"line":31,"column":0},"end":{"line":31,"column":44}},"31":{"start":{"line":32,"column":0},"end":{"line":32,"column":55}},"32":{"start":{"line":33,"column":0},"end":{"line":33,"column":16}},"33":{"start":{"line":34,"column":0},"end":{"line":34,"column":67}},"34":{"start":{"line":35,"column":0},"end":{"line":35,"column":9}},"35":{"start":{"line":36,"column":0},"end":{"line":36,"column":8}},"36":{"start":{"line":37,"column":0},"end":{"line":37,"column":45}},"37":{"start":{"line":38,"column":0},"end":{"line":38,"column":28}},"38":{"start":{"line":39,"column":0},"end":{"line":39,"column":50}},"39":{"start":{"line":40,"column":0},"end":{"line":40,"column":7}},"40":{"start":{"line":41,"column":0},"end":{"line":41,"column":6}},"41":{"start":{"line":42,"column":0},"end":{"line":42,"column":61}},"42":{"start":{"line":43,"column":0},"end":{"line":43,"column":56}},"43":{"start":{"line":44,"column":0},"end":{"line":44,"column":35}},"44":{"start":{"line":45,"column":0},"end":{"line":45,"column":60}},"45":{"start":{"line":46,"column":0},"end":{"line":46,"column":6}},"46":{"start":{"line":47,"column":0},"end":{"line":47,"column":63}},"47":{"start":{"line":48,"column":0},"end":{"line":48,"column":56}},"48":{"start":{"line":49,"column":0},"end":{"line":49,"column":35}},"49":{"start":{"line":50,"column":0},"end":{"line":50,"column":60}},"50":{"start":{"line":51,"column":0},"end":{"line":51,"column":6}},"51":{"start":{"line":52,"column":0},"end":{"line":52,"column":23}},"52":{"start":{"line":53,"column":0},"end":{"line":53,"column":12}},"53":{"start":{"line":54,"column":0},"end":{"line":54,"column":51}},"54":{"start":{"line":55,"column":0},"end":{"line":55,"column":10}},"55":{"start":{"line":56,"column":0},"end":{"line":56,"column":43}},"56":{"start":{"line":57,"column":0},"end":{"line":57,"column":51}},"57":{"start":{"line":58,"column":0},"end":{"line":58,"column":61}},"58":{"start":{"line":59,"column":0},"end":{"line":59,"column":10}},"59":{"start":{"line":60,"column":0},"end":{"line":60,"column":6}},"60":{"start":{"line":61,"column":0},"end":{"line":61,"column":40}},"61":{"start":{"line":62,"column":0},"end":{"line":62,"column":41}},"62":{"start":{"line":63,"column":0},"end":{"line":63,"column":47}},"63":{"start":{"line":64,"column":0},"end":{"line":64,"column":5}},"64":{"start":{"line":65,"column":0},"end":{"line":65,"column":3}},"65":{"start":{"line":66,"column":0},"end":{"line":66,"column":3}},"66":{"start":{"line":67,"column":0},"end":{"line":67,"column":0}},"67":{"start":{"line":68,"column":0},"end":{"line":68,"column":78}},"68":{"start":{"line":69,"column":0},"end":{"line":69,"column":14}},"69":{"start":{"line":70,"column":0},"end":{"line":70,"column":16}},"70":{"start":{"line":71,"column":0},"end":{"line":71,"column":15}},"71":{"start":{"line":72,"column":0},"end":{"line":72,"column":17}},"72":{"start":{"line":73,"column":0},"end":{"line":73,"column":19}},"73":{"start":{"line":74,"column":0},"end":{"line":74,"column":24}},"74":{"start":{"line":75,"column":0},"end":{"line":75,"column":35}},"75":{"start":{"line":76,"column":0},"end":{"line":76,"column":46}}},"s":{"0":1,"1":1,"2":1,"3":1,"4":1,"5":1,"6":1,"7":1,"8":1,"9":1,"10":1,"11":1,"12":1,"13":1,"14":1,"15":1,"16":1,"17":1,"18":1,"19":1,"20":1,"21":1,"22":1,"23":1,"24":1,"25":1,"26":1,"27":1,"28":1,"29":1,"30":2,"31":1,"32":1,"33":1,"34":1,"35":1,"36":1,"37":2,"38":2,"39":2,"40":1,"41":1,"42":1,"43":1,"44":1,"45":1,"46":1,"47":1,"48":1,"49":1,"50":1,"51":1,"52":1,"53":1,"54":1,"55":1,"56":1,"57":1,"58":1,"59":1,"60":1,"61":1,"62":1,"63":1,"64":1,"65":1,"66":1,"67":1,"68":1,"69":1,"70":1,"71":1,"72":1,"73":1,"74":1,"75":1},"branchMap":{"0":{"type":"branch","line":25,"loc":{"start":{"line":25,"column":31},"end":{"line":26,"column":11}},"locations":[{"start":{"line":25,"column":31},"end":{"line":26,"column":11}}]},"1":{"type":"branch","line":30,"loc":{"start":{"line":30,"column":15},"end":{"line":36,"column":7}},"locations":[{"start":{"line":30,"column":15},"end":{"line":36,"column":7}}]},"2":{"type":"branch","line":31,"loc":{"start":{"line":31,"column":43},"end":{"line":35,"column":9}},"locations":[{"start":{"line":31,"column":43},"end":{"line":35,"column":9}}]},"3":{"type":"branch","line":37,"loc":{"start":{"line":37,"column":15},"end":{"line":40,"column":7}},"locations":[{"start":{"line":37,"column":15},"end":{"line":40,"column":7}}]},"4":{"type":"branch","line":42,"loc":{"start":{"line":42,"column":18},"end":{"line":46,"column":5}},"locations":[{"start":{"line":42,"column":18},"end":{"line":46,"column":5}}]},"5":{"type":"branch","line":47,"loc":{"start":{"line":47,"column":20},"end":{"line":51,"column":5}},"locations":[{"start":{"line":47,"column":20},"end":{"line":51,"column":5}}]},"6":{"type":"branch","line":52,"loc":{"start":{"line":52,"column":22},"end":{"line":60,"column":5}},"locations":[{"start":{"line":52,"column":22},"end":{"line":60,"column":5}}]},"7":{"type":"branch","line":58,"loc":{"start":{"line":58,"column":10},"end":{"line":58,"column":36}},"locations":[{"start":{"line":58,"column":10},"end":{"line":58,"column":36}}]},"8":{"type":"branch","line":61,"loc":{"start":{"line":61,"column":28},"end":{"line":64,"column":5}},"locations":[{"start":{"line":61,"column":28},"end":{"line":64,"column":5}}]}},"b":{"0":[1],"1":[2],"2":[1],"3":[2],"4":[1],"5":[1],"6":[1],"7":[1],"8":[1]},"fnMap":{"0":{"name":"burgerConstructorSelector","decl":{"start":{"line":25,"column":31},"end":{"line":26,"column":11}},"loc":{"start":{"line":25,"column":31},"end":{"line":26,"column":11}},"line":25},"1":{"name":"reducer","decl":{"start":{"line":30,"column":15},"end":{"line":36,"column":7}},"loc":{"start":{"line":30,"column":15},"end":{"line":36,"column":7}},"line":30},"2":{"name":"prepare","decl":{"start":{"line":37,"column":15},"end":{"line":40,"column":7}},"loc":{"start":{"line":37,"column":15},"end":{"line":40,"column":7}},"line":37},"3":{"name":"upIngredient","decl":{"start":{"line":42,"column":18},"end":{"line":46,"column":5}},"loc":{"start":{"line":42,"column":18},"end":{"line":46,"column":5}},"line":42},"4":{"name":"downIngredient","decl":{"start":{"line":47,"column":20},"end":{"line":51,"column":5}},"loc":{"start":{"line":47,"column":20},"end":{"line":51,"column":5}},"line":47},"5":{"name":"removeIngredient","decl":{"start":{"line":52,"column":22},"end":{"line":60,"column":5}},"loc":{"start":{"line":52,"column":22},"end":{"line":60,"column":5}},"line":52},"6":{"name":"clearBurgerConstructor","decl":{"start":{"line":61,"column":28},"end":{"line":64,"column":5}},"loc":{"start":{"line":61,"column":28},"end":{"line":64,"column":5}},"line":61}},"f":{"0":1,"1":2,"2":2,"3":1,"4":1,"5":1,"6":1}}
,"C:\\Users\\User\\Desktop\\dev\\stellar-burgers\\src\\services\\slices\\feedSlice.ts": {"path":"C:\\Users\\User\\Desktop\\dev\\stellar-burgers\\src\\services\\slices\\feedSlice.ts","all":false,"statementMap":{"0":{"start":{"line":1,"column":0},"end":{"line":1,"column":65}},"1":{"start":{"line":2,"column":0},"end":{"line":2,"column":74}},"2":{"start":{"line":3,"column":0},"end":{"line":3,"column":43}},"3":{"start":{"line":4,"column":0},"end":{"line":4,"column":0}},"4":{"start":{"line":5,"column":0},"end":{"line":5,"column":28}},"5":{"start":{"line":6,"column":0},"end":{"line":6,"column":19}},"6":{"start":{"line":7,"column":0},"end":{"line":7,"column":26}},"7":{"start":{"line":8,"column":0},"end":{"line":8,"column":23}},"8":{"start":{"line":9,"column":0},"end":{"line":9,"column":26}},"9":{"start":{"line":10,"column":0},"end":{"line":10,"column":16}},"10":{"start":{"line":11,"column":0},"end":{"line":11,"column":21}},"11":{"start":{"line":12,"column":0},"end":{"line":12,"column":23}},"12":{"start":{"line":13,"column":0},"end":{"line":13,"column":1}},"13":{"start":{"line":14,"column":0},"end":{"line":14,"column":0}},"14":{"start":{"line":15,"column":0},"end":{"line":15,"column":40}},"15":{"start":{"line":16,"column":0},"end":{"line":16,"column":13}},"16":{"start":{"line":17,"column":0},"end":{"line":17,"column":24}},"17":{"start":{"line":18,"column":0},"end":{"line":18,"column":14}},"18":{"start":{"line":19,"column":0},"end":{"line":19,"column":24}},"19":{"start":{"line":20,"column":0},"end":{"line":20,"column":11}},"20":{"start":{"line":21,"column":0},"end":{"line":21,"column":16}},"21":{"start":{"line":22,"column":0},"end":{"line":22,"column":13}},"22":{"start":{"line":23,"column":0},"end":{"line":23,"column":2}},"23":{"start":{"line":24,"column":0},"end":{"line":24,"column":0}},"24":{"start":{"line":25,"column":0},"end":{"line":25,"column":75}},"25":{"start":{"line":26,"column":0},"end":{"line":26,"column":15}},"26":{"start":{"line":27,"column":0},"end":{"line":27,"column":2}},"27":{"start":{"line":28,"column":0},"end":{"line":28,"column":0}},"28":{"start":{"line":29,"column":0},"end":{"line":29,"column":46}},"29":{"start":{"line":30,"column":0},"end":{"line":30,"column":20}},"30":{"start":{"line":31,"column":0},"end":{"line":31,"column":55}},"31":{"start":{"line":32,"column":0},"end":{"line":32,"column":2}},"32":{"start":{"line":33,"column":0},"end":{"line":33,"column":0}},"33":{"start":{"line":34,"column":0},"end":{"line":34,"column":31}},"34":{"start":{"line":35,"column":0},"end":{"line":35,"column":15}},"35":{"start":{"line":36,"column":0},"end":{"line":36,"column":15}},"36":{"start":{"line":37,"column":0},"end":{"line":37,"column":14}},"37":{"start":{"line":38,"column":0},"end":{"line":38,"column":44}},"38":{"start":{"line":39,"column":0},"end":{"line":39,"column":60}},"39":{"start":{"line":40,"column":0},"end":{"line":40,"column":42}},"40":{"start":{"line":41,"column":0},"end":{"line":41,"column":60}},"41":{"start":{"line":42,"column":0},"end":{"line":42,"column":42}},"42":{"start":{"line":43,"column":0},"end":{"line":43,"column":51}},"43":{"start":{"line":44,"column":0},"end":{"line":44,"column":4}},"44":{"start":{"line":45,"column":0},"end":{"line":45,"column":15}},"45":{"start":{"line":46,"column":0},"end":{"line":46,"column":26}},"46":{"start":{"line":47,"column":0},"end":{"line":47,"column":11}},"47":{"start":{"line":48,"column":0},"end":{"line":48,"column":50}},"48":{"start":{"line":49,"column":0},"end":{"line":49,"column":36}},"49":{"start":{"line":50,"column":0},"end":{"line":50,"column":8}},"50":{"start":{"line":51,"column":0},"end":{"line":51,"column":59}},"51":{"start":{"line":52,"column":0},"end":{"line":52,"column":37}},"52":{"start":{"line":53,"column":0},"end":{"line":53,"column":44}},"53":{"start":{"line":54,"column":0},"end":{"line":54,"column":8}},"54":{"start":{"line":55,"column":0},"end":{"line":55,"column":60}},"55":{"start":{"line":56,"column":0},"end":{"line":56,"column":37}},"56":{"start":{"line":57,"column":0},"end":{"line":57,"column":45}},"57":{"start":{"line":58,"column":0},"end":{"line":58,"column":43}},"58":{"start":{"line":59,"column":0},"end":{"line":59,"column":53}},"59":{"start":{"line":60,"column":0},"end":{"line":60,"column":8}},"60":{"start":{"line":61,"column":0},"end":{"line":61,"column":0}},"61":{"start":{"line":62,"column":0},"end":{"line":62,"column":50}},"62":{"start":{"line":63,"column":0},"end":{"line":63,"column":36}},"63":{"start":{"line":64,"column":0},"end":{"line":64,"column":8}},"64":{"start":{"line":65,"column":0},"end":{"line":65,"column":59}},"65":{"start":{"line":66,"column":0},"end":{"line":66,"column":44}},"66":{"start":{"line":67,"column":0},"end":{"line":67,"column":37}},"67":{"start":{"line":68,"column":0},"end":{"line":68,"column":8}},"68":{"start":{"line":69,"column":0},"end":{"line":69,"column":60}},"69":{"start":{"line":70,"column":0},"end":{"line":70,"column":47}},"70":{"start":{"line":71,"column":0},"end":{"line":71,"column":37}},"71":{"start":{"line":72,"column":0},"end":{"line":72,"column":9}},"72":{"start":{"line":73,"column":0},"end":{"line":73,"column":3}},"73":{"start":{"line":74,"column":0},"end":{"line":74,"column":3}},"74":{"start":{"line":75,"column":0},"end":{"line":75,"column":0}},"75":{"start":{"line":76,"column":0},"end":{"line":76,"column":14}},"76":{"start":{"line":77,"column":0},"end":{"line":77,"column":17}},"77":{"start":{"line":78,"column":0},"end":{"line":78,"column":25}},"78":{"start":{"line":79,"column":0},"end":{"line":79,"column":0}},"79":{"start":{"line":80,"column":0},"end":{"line":80,"column":16}},"80":{"start":{"line":81,"column":0},"end":{"line":81,"column":25}},"81":{"start":{"line":82,"column":0},"end":{"line":82,"column":0}},"82":{"start":{"line":83,"column":0},"end":{"line":83,"column":16}},"83":{"start":{"line":84,"column":0},"end":{"line":84,"column":20}},"84":{"start":{"line":85,"column":0},"end":{"line":85,"column":24}},"85":{"start":{"line":86,"column":0},"end":{"line":86,"column":33}}},"s":{"0":1,"1":1,"2":1,"3":1,"4":1,"5":1,"6":1,"7":1,"8":1,"9":1,"10":1,"11":1,"12":1,"13":1,"14":1,"15":1,"16":1,"17":1,"18":1,"19":1,"20":1,"21":1,"22":1,"23":1,"24":1,"25":0,"26":1,"27":1,"28":1,"29":1,"30":1,"31":1,"32":1,"33":1,"34":1,"35":1,"36":1,"37":1,"38":1,"39":1,"40":1,"41":1,"42":1,"43":1,"44":1,"45":1,"46":1,"47":1,"48":1,"49":1,"50":1,"51":1,"52":1,"53":1,"54":1,"55":1,"56":1,"57":1,"58":1,"59":1,"60":1,"61":1,"62":1,"63":1,"64":1,"65":1,"66":1,"67":1,"68":1,"69":1,"70":1,"71":1,"72":1,"73":1,"74":1,"75":1,"76":1,"77":1,"78":1,"79":1,"80":1,"81":1,"82":1,"83":1,"84":1,"85":1},"branchMap":{"0":{"type":"branch","line":38,"loc":{"start":{"line":38,"column":20},"end":{"line":38,"column":36}},"locations":[{"start":{"line":38,"column":20},"end":{"line":38,"column":36}}]},"1":{"type":"branch","line":39,"loc":{"start":{"line":39,"column":28},"end":{"line":39,"column":44}},"locations":[{"start":{"line":39,"column":28},"end":{"line":39,"column":44}}]},"2":{"type":"branch","line":40,"loc":{"start":{"line":40,"column":19},"end":{"line":40,"column":35}},"locations":[{"start":{"line":40,"column":19},"end":{"line":40,"column":35}}]},"3":{"type":"branch","line":41,"loc":{"start":{"line":41,"column":28},"end":{"line":41,"column":44}},"locations":[{"start":{"line":41,"column":28},"end":{"line":41,"column":44}}]},"4":{"type":"branch","line":42,"loc":{"start":{"line":42,"column":19},"end":{"line":42,"column":35}},"locations":[{"start":{"line":42,"column":19},"end":{"line":42,"column":35}}]},"5":{"type":"branch","line":43,"loc":{"start":{"line":43,"column":24},"end":{"line":43,"column":40}},"locations":[{"start":{"line":43,"column":24},"end":{"line":43,"column":40}}]},"6":{"type":"branch","line":46,"loc":{"start":{"line":46,"column":15},"end":{"line":73,"column":3}},"locations":[{"start":{"line":46,"column":15},"end":{"line":73,"column":3}}]},"7":{"type":"branch","line":48,"loc":{"start":{"line":48,"column":38},"end":{"line":50,"column":7}},"locations":[{"start":{"line":48,"column":38},"end":{"line":50,"column":7}}]},"8":{"type":"branch","line":51,"loc":{"start":{"line":51,"column":39},"end":{"line":54,"column":7}},"locations":[{"start":{"line":51,"column":39},"end":{"line":54,"column":7}}]},"9":{"type":"branch","line":55,"loc":{"start":{"line":55,"column":40},"end":{"line":60,"column":7}},"locations":[{"start":{"line":55,"column":40},"end":{"line":60,"column":7}}]},"10":{"type":"branch","line":62,"loc":{"start":{"line":62,"column":38},"end":{"line":64,"column":7}},"locations":[{"start":{"line":62,"column":38},"end":{"line":64,"column":7}}]},"11":{"type":"branch","line":65,"loc":{"start":{"line":65,"column":39},"end":{"line":68,"column":7}},"locations":[{"start":{"line":65,"column":39},"end":{"line":68,"column":7}}]},"12":{"type":"branch","line":69,"loc":{"start":{"line":69,"column":40},"end":{"line":72,"column":7}},"locations":[{"start":{"line":69,"column":40},"end":{"line":72,"column":7}}]}},"b":{"0":[1],"1":[1],"2":[1],"3":[1],"4":[1],"5":[1],"6":[1],"7":[1],"8":[1],"9":[1],"10":[1],"11":[1],"12":[1]},"fnMap":{"0":{"name":"ordersSelector","decl":{"start":{"line":38,"column":20},"end":{"line":38,"column":36}},"loc":{"start":{"line":38,"column":20},"end":{"line":38,"column":36}},"line":38},"1":{"name":"isFeedsLoadingSelector","decl":{"start":{"line":39,"column":28},"end":{"line":39,"column":44}},"loc":{"start":{"line":39,"column":28},"end":{"line":39,"column":44}},"line":39},"2":{"name":"orderSelector","decl":{"start":{"line":40,"column":19},"end":{"line":40,"column":35}},"loc":{"start":{"line":40,"column":19},"end":{"line":40,"column":35}},"line":40},"3":{"name":"isOrderLoadingSelector","decl":{"start":{"line":41,"column":28},"end":{"line":41,"column":44}},"loc":{"start":{"line":41,"column":28},"end":{"line":41,"column":44}},"line":41},"4":{"name":"totalSelector","decl":{"start":{"line":42,"column":19},"end":{"line":42,"column":35}},"loc":{"start":{"line":42,"column":19},"end":{"line":42,"column":35}},"line":42},"5":{"name":"totalTodaySelector","decl":{"start":{"line":43,"column":24},"end":{"line":43,"column":40}},"loc":{"start":{"line":43,"column":24},"end":{"line":43,"column":40}},"line":43},"6":{"name":"extraReducers","decl":{"start":{"line":46,"column":15},"end":{"line":73,"column":3}},"loc":{"start":{"line":46,"column":15},"end":{"line":73,"column":3}},"line":46}},"f":{"0":1,"1":1,"2":1,"3":1,"4":1,"5":1,"6":1}}
,"C:\\Users\\User\\Desktop\\dev\\stellar-burgers\\src\\services\\slices\\ingredientsSlice.ts": {"path":"C:\\Users\\User\\Desktop\\dev\\stellar-burgers\\src\\services\\slices\\ingredientsSlice.ts","all":false,"statementMap":{"0":{"start":{"line":1,"column":0},"end":{"line":1,"column":65}},"1":{"start":{"line":2,"column":0},"end":{"line":2,"column":48}},"2":{"start":{"line":3,"column":0},"end":{"line":3,"column":59}},"3":{"start":{"line":4,"column":0},"end":{"line":4,"column":0}},"4":{"start":{"line":5,"column":0},"end":{"line":5,"column":35}},"5":{"start":{"line":6,"column":0},"end":{"line":6,"column":29}},"6":{"start":{"line":7,"column":0},"end":{"line":7,"column":32}},"7":{"start":{"line":8,"column":0},"end":{"line":8,"column":23}},"8":{"start":{"line":9,"column":0},"end":{"line":9,"column":1}},"9":{"start":{"line":10,"column":0},"end":{"line":10,"column":0}},"10":{"start":{"line":11,"column":0},"end":{"line":11,"column":47}},"11":{"start":{"line":12,"column":0},"end":{"line":12,"column":18}},"12":{"start":{"line":13,"column":0},"end":{"line":13,"column":30}},"13":{"start":{"line":14,"column":0},"end":{"line":14,"column":13}},"14":{"start":{"line":15,"column":0},"end":{"line":15,"column":2}},"15":{"start":{"line":16,"column":0},"end":{"line":16,"column":0}},"16":{"start":{"line":17,"column":0},"end":{"line":17,"column":52}},"17":{"start":{"line":18,"column":0},"end":{"line":18,"column":31}},"18":{"start":{"line":19,"column":0},"end":{"line":19,"column":33}},"19":{"start":{"line":20,"column":0},"end":{"line":20,"column":2}},"20":{"start":{"line":21,"column":0},"end":{"line":21,"column":0}},"21":{"start":{"line":22,"column":0},"end":{"line":22,"column":38}},"22":{"start":{"line":23,"column":0},"end":{"line":23,"column":22}},"23":{"start":{"line":24,"column":0},"end":{"line":24,"column":15}},"24":{"start":{"line":25,"column":0},"end":{"line":25,"column":14}},"25":{"start":{"line":26,"column":0},"end":{"line":26,"column":54}},"26":{"start":{"line":27,"column":0},"end":{"line":27,"column":71}},"27":{"start":{"line":28,"column":0},"end":{"line":28,"column":4}},"28":{"start":{"line":29,"column":0},"end":{"line":29,"column":15}},"29":{"start":{"line":30,"column":0},"end":{"line":30,"column":26}},"30":{"start":{"line":31,"column":0},"end":{"line":31,"column":11}},"31":{"start":{"line":32,"column":0},"end":{"line":32,"column":56}},"32":{"start":{"line":33,"column":0},"end":{"line":33,"column":42}},"33":{"start":{"line":34,"column":0},"end":{"line":34,"column":8}},"34":{"start":{"line":35,"column":0},"end":{"line":35,"column":65}},"35":{"start":{"line":36,"column":0},"end":{"line":36,"column":43}},"36":{"start":{"line":37,"column":0},"end":{"line":37,"column":44}},"37":{"start":{"line":38,"column":0},"end":{"line":38,"column":8}},"38":{"start":{"line":39,"column":0},"end":{"line":39,"column":66}},"39":{"start":{"line":40,"column":0},"end":{"line":40,"column":43}},"40":{"start":{"line":41,"column":0},"end":{"line":41,"column":43}},"41":{"start":{"line":42,"column":0},"end":{"line":42,"column":9}},"42":{"start":{"line":43,"column":0},"end":{"line":43,"column":3}},"43":{"start":{"line":44,"column":0},"end":{"line":44,"column":3}},"44":{"start":{"line":45,"column":0},"end":{"line":45,"column":0}},"45":{"start":{"line":46,"column":0},"end":{"line":46,"column":68}},"46":{"start":{"line":47,"column":0},"end":{"line":47,"column":29}},"47":{"start":{"line":48,"column":0},"end":{"line":48,"column":40}}},"s":{"0":1,"1":1,"2":1,"3":1,"4":1,"5":1,"6":1,"7":1,"8":1,"9":1,"10":1,"11":1,"12":1,"13":1,"14":1,"15":1,"16":1,"17":1,"18":1,"19":1,"20":1,"21":1,"22":1,"23":1,"24":1,"25":1,"26":1,"27":1,"28":1,"29":1,"30":1,"31":1,"32":1,"33":1,"34":1,"35":1,"36":1,"37":1,"38":1,"39":1,"40":1,"41":1,"42":1,"43":1,"44":1,"45":1,"46":1,"47":1},"branchMap":{"0":{"type":"branch","line":26,"loc":{"start":{"line":26,"column":25},"end":{"line":26,"column":41}},"locations":[{"start":{"line":26,"column":25},"end":{"line":26,"column":41}}]},"1":{"type":"branch","line":27,"loc":{"start":{"line":27,"column":34},"end":{"line":27,"column":50}},"locations":[{"start":{"line":27,"column":34},"end":{"line":27,"column":50}}]},"2":{"type":"branch","line":30,"loc":{"start":{"line":30,"column":15},"end":{"line":43,"column":3}},"locations":[{"start":{"line":30,"column":15},"end":{"line":43,"column":3}}]},"3":{"type":"branch","line":32,"loc":{"start":{"line":32,"column":44},"end":{"line":34,"column":7}},"locations":[{"start":{"line":32,"column":44},"end":{"line":34,"column":7}}]},"4":{"type":"branch","line":35,"loc":{"start":{"line":35,"column":45},"end":{"line":38,"column":7}},"locations":[{"start":{"line":35,"column":45},"end":{"line":38,"column":7}}]},"5":{"type":"branch","line":39,"loc":{"start":{"line":39,"column":46},"end":{"line":42,"column":7}},"locations":[{"start":{"line":39,"column":46},"end":{"line":42,"column":7}}]}},"b":{"0":[1],"1":[1],"2":[1],"3":[1],"4":[1],"5":[1]},"fnMap":{"0":{"name":"ingredientsSelector","decl":{"start":{"line":26,"column":25},"end":{"line":26,"column":41}},"loc":{"start":{"line":26,"column":25},"end":{"line":26,"column":41}},"line":26},"1":{"name":"isIngredientsLoadingSelector","decl":{"start":{"line":27,"column":34},"end":{"line":27,"column":50}},"loc":{"start":{"line":27,"column":34},"end":{"line":27,"column":50}},"line":27},"2":{"name":"extraReducers","decl":{"start":{"line":30,"column":15},"end":{"line":43,"column":3}},"loc":{"start":{"line":30,"column":15},"end":{"line":43,"column":3}},"line":30}},"f":{"0":1,"1":1,"2":1}}
,"C:\\Users\\User\\Desktop\\dev\\stellar-burgers\\src\\services\\slices\\orderSlice.ts": {"path":"C:\\Users\\User\\Desktop\\dev\\stellar-burgers\\src\\services\\slices\\orderSlice.ts","all":false,"statementMap":{"0":{"start":{"line":1,"column":0},"end":{"line":1,"column":65}},"1":{"start":{"line":2,"column":0},"end":{"line":2,"column":0}},"2":{"start":{"line":3,"column":0},"end":{"line":3,"column":56}},"3":{"start":{"line":4,"column":0},"end":{"line":4,"column":43}},"4":{"start":{"line":5,"column":0},"end":{"line":5,"column":0}},"5":{"start":{"line":6,"column":0},"end":{"line":6,"column":29}},"6":{"start":{"line":7,"column":0},"end":{"line":7,"column":23}},"7":{"start":{"line":8,"column":0},"end":{"line":8,"column":26}},"8":{"start":{"line":9,"column":0},"end":{"line":9,"column":23}},"9":{"start":{"line":10,"column":0},"end":{"line":10,"column":1}},"10":{"start":{"line":11,"column":0},"end":{"line":11,"column":0}},"11":{"start":{"line":12,"column":0},"end":{"line":12,"column":41}},"12":{"start":{"line":13,"column":0},"end":{"line":13,"column":14}},"13":{"start":{"line":14,"column":0},"end":{"line":14,"column":24}},"14":{"start":{"line":15,"column":0},"end":{"line":15,"column":13}},"15":{"start":{"line":16,"column":0},"end":{"line":16,"column":2}},"16":{"start":{"line":17,"column":0},"end":{"line":17,"column":0}},"17":{"start":{"line":18,"column":0},"end":{"line":18,"column":53}},"18":{"start":{"line":19,"column":0},"end":{"line":19,"column":27}},"19":{"start":{"line":20,"column":0},"end":{"line":20,"column":48}},"20":{"start":{"line":21,"column":0},"end":{"line":21,"column":2}},"21":{"start":{"line":22,"column":0},"end":{"line":22,"column":0}},"22":{"start":{"line":23,"column":0},"end":{"line":23,"column":39}},"23":{"start":{"line":24,"column":0},"end":{"line":24,"column":16}},"24":{"start":{"line":25,"column":0},"end":{"line":25,"column":15}},"25":{"start":{"line":26,"column":0},"end":{"line":26,"column":14}},"26":{"start":{"line":27,"column":0},"end":{"line":27,"column":60}},"27":{"start":{"line":28,"column":0},"end":{"line":28,"column":41}},"28":{"start":{"line":29,"column":0},"end":{"line":29,"column":4}},"29":{"start":{"line":30,"column":0},"end":{"line":30,"column":13}},"30":{"start":{"line":31,"column":0},"end":{"line":31,"column":28}},"31":{"start":{"line":32,"column":0},"end":{"line":32,"column":25}},"32":{"start":{"line":33,"column":0},"end":{"line":33,"column":35}},"33":{"start":{"line":34,"column":0},"end":{"line":34,"column":5}},"34":{"start":{"line":35,"column":0},"end":{"line":35,"column":4}},"35":{"start":{"line":36,"column":0},"end":{"line":36,"column":26}},"36":{"start":{"line":37,"column":0},"end":{"line":37,"column":11}},"37":{"start":{"line":38,"column":0},"end":{"line":38,"column":57}},"38":{"start":{"line":39,"column":0},"end":{"line":39,"column":36}},"39":{"start":{"line":40,"column":0},"end":{"line":40,"column":8}},"40":{"start":{"line":41,"column":0},"end":{"line":41,"column":66}},"41":{"start":{"line":42,"column":0},"end":{"line":42,"column":37}},"42":{"start":{"line":43,"column":0},"end":{"line":43,"column":44}},"43":{"start":{"line":44,"column":0},"end":{"line":44,"column":8}},"44":{"start":{"line":45,"column":0},"end":{"line":45,"column":67}},"45":{"start":{"line":46,"column":0},"end":{"line":46,"column":37}},"46":{"start":{"line":47,"column":0},"end":{"line":47,"column":43}},"47":{"start":{"line":48,"column":0},"end":{"line":48,"column":9}},"48":{"start":{"line":49,"column":0},"end":{"line":49,"column":3}},"49":{"start":{"line":50,"column":0},"end":{"line":50,"column":3}},"50":{"start":{"line":51,"column":0},"end":{"line":51,"column":0}},"51":{"start":{"line":52,"column":0},"end":{"line":52,"column":49}},"52":{"start":{"line":53,"column":0},"end":{"line":53,"column":78}},"53":{"start":{"line":54,"column":0},"end":{"line":54,"column":34}}},"s":{"0":1,"1":1,"2":1,"3":1,"4":1,"5":1,"6":1,"7":1,"8":1,"9":1,"10":1,"11":1,"12":1,"13":1,"14":1,"15":1,"16":1,"17":1,"18":1,"19":1,"20":1,"21":1,"22":1,"23":1,"24":1,"25":1,"26":1,"27":1,"28":1,"29":1,"30":1,"31":1,"32":1,"33":1,"34":1,"35":1,"36":1,"37":1,"38":1,"39":1,"40":1,"41":1,"42":1,"43":1,"44":1,"45":1,"46":1,"47":1,"48":1,"49":1,"50":1,"51":1,"52":1,"53":1},"branchMap":{"0":{"type":"branch","line":27,"loc":{"start":{"line":27,"column":28},"end":{"line":27,"column":44}},"locations":[{"start":{"line":27,"column":28},"end":{"line":27,"column":44}}]},"1":{"type":"branch","line":28,"loc":{"start":{"line":28,"column":19},"end":{"line":28,"column":35}},"locations":[{"start":{"line":28,"column":19},"end":{"line":28,"column":35}}]},"2":{"type":"branch","line":31,"loc":{"start":{"line":31,"column":16},"end":{"line":34,"column":5}},"locations":[{"start":{"line":31,"column":16},"end":{"line":34,"column":5}}]},"3":{"type":"branch","line":36,"loc":{"start":{"line":36,"column":15},"end":{"line":49,"column":3}},"locations":[{"start":{"line":36,"column":15},"end":{"line":49,"column":3}}]},"4":{"type":"branch","line":38,"loc":{"start":{"line":38,"column":45},"end":{"line":40,"column":7}},"locations":[{"start":{"line":38,"column":45},"end":{"line":40,"column":7}}]},"5":{"type":"branch","line":41,"loc":{"start":{"line":41,"column":46},"end":{"line":44,"column":7}},"locations":[{"start":{"line":41,"column":46},"end":{"line":44,"column":7}}]},"6":{"type":"branch","line":45,"loc":{"start":{"line":45,"column":47},"end":{"line":48,"column":7}},"locations":[{"start":{"line":45,"column":47},"end":{"line":48,"column":7}}]}},"b":{"0":[1],"1":[1],"2":[1],"3":[1],"4":[1],"5":[1],"6":[1]},"fnMap":{"0":{"name":"isOrderLoadingSelector","decl":{"start":{"line":27,"column":28},"end":{"line":27,"column":44}},"loc":{"start":{"line":27,"column":28},"end":{"line":27,"column":44}},"line":27},"1":{"name":"orderSelector","decl":{"start":{"line":28,"column":19},"end":{"line":28,"column":35}},"loc":{"start":{"line":28,"column":19},"end":{"line":28,"column":35}},"line":28},"2":{"name":"clearOrder","decl":{"start":{"line":31,"column":16},"end":{"line":34,"column":5}},"loc":{"start":{"line":31,"column":16},"end":{"line":34,"column":5}},"line":31},"3":{"name":"extraReducers","decl":{"start":{"line":36,"column":15},"end":{"line":49,"column":3}},"loc":{"start":{"line":36,"column":15},"end":{"line":49,"column":3}},"line":36}},"f":{"0":1,"1":1,"2":1,"3":1}}
,"C:\\Users\\User\\Desktop\\dev\\stellar-burgers\\src\\services\\slices\\userSlice.ts": {"path":"C:\\Users\\User\\Desktop\\dev\\stellar-burgers\\src\\services\\slices\\userSlice.ts","all":false,"statementMap":{"0":{"start":{"line":1,"column":0},"end":{"line":1,"column":65}},"1":{"start":{"line":2,"column":0},"end":{"line":2,"column":50}},"2":{"start":{"line":3,"column":0},"end":{"line":3,"column":61}},"3":{"start":{"line":4,"column":0},"end":{"line":4,"column":8}},"4":{"start":{"line":5,"column":0},"end":{"line":5,"column":13}},"5":{"start":{"line":6,"column":0},"end":{"line":6,"column":16}},"6":{"start":{"line":7,"column":0},"end":{"line":7,"column":15}},"7":{"start":{"line":8,"column":0},"end":{"line":8,"column":13}},"8":{"start":{"line":9,"column":0},"end":{"line":9,"column":15}},"9":{"start":{"line":10,"column":0},"end":{"line":10,"column":12}},"10":{"start":{"line":11,"column":0},"end":{"line":11,"column":18}},"11":{"start":{"line":12,"column":0},"end":{"line":12,"column":15}},"12":{"start":{"line":13,"column":0},"end":{"line":13,"column":32}},"13":{"start":{"line":14,"column":0},"end":{"line":14,"column":0}},"14":{"start":{"line":15,"column":0},"end":{"line":15,"column":28}},"15":{"start":{"line":16,"column":0},"end":{"line":16,"column":27}},"16":{"start":{"line":17,"column":0},"end":{"line":17,"column":28}},"17":{"start":{"line":18,"column":0},"end":{"line":18,"column":21}},"18":{"start":{"line":19,"column":0},"end":{"line":19,"column":19}},"19":{"start":{"line":20,"column":0},"end":{"line":20,"column":25}},"20":{"start":{"line":21,"column":0},"end":{"line":21,"column":23}},"21":{"start":{"line":22,"column":0},"end":{"line":22,"column":1}},"22":{"start":{"line":23,"column":0},"end":{"line":23,"column":0}},"23":{"start":{"line":24,"column":0},"end":{"line":24,"column":40}},"24":{"start":{"line":25,"column":0},"end":{"line":25,"column":25}},"25":{"start":{"line":26,"column":0},"end":{"line":26,"column":26}},"26":{"start":{"line":27,"column":0},"end":{"line":27,"column":13}},"27":{"start":{"line":28,"column":0},"end":{"line":28,"column":13}},"28":{"start":{"line":29,"column":0},"end":{"line":29,"column":23}},"29":{"start":{"line":30,"column":0},"end":{"line":30,"column":13}},"30":{"start":{"line":31,"column":0},"end":{"line":31,"column":2}},"31":{"start":{"line":32,"column":0},"end":{"line":32,"column":0}},"32":{"start":{"line":33,"column":0},"end":{"line":33,"column":47}},"33":{"start":{"line":34,"column":0},"end":{"line":34,"column":24}},"34":{"start":{"line":35,"column":0},"end":{"line":35,"column":29}},"35":{"start":{"line":36,"column":0},"end":{"line":36,"column":39}},"36":{"start":{"line":37,"column":0},"end":{"line":37,"column":49}},"37":{"start":{"line":38,"column":0},"end":{"line":38,"column":62}},"38":{"start":{"line":39,"column":0},"end":{"line":39,"column":23}},"39":{"start":{"line":40,"column":0},"end":{"line":40,"column":6}},"40":{"start":{"line":41,"column":0},"end":{"line":41,"column":2}},"41":{"start":{"line":42,"column":0},"end":{"line":42,"column":0}},"42":{"start":{"line":43,"column":0},"end":{"line":43,"column":74}},"43":{"start":{"line":44,"column":0},"end":{"line":44,"column":26}},"44":{"start":{"line":45,"column":0},"end":{"line":45,"column":32}},"45":{"start":{"line":46,"column":0},"end":{"line":46,"column":44}},"46":{"start":{"line":47,"column":0},"end":{"line":47,"column":4}},"47":{"start":{"line":48,"column":0},"end":{"line":48,"column":2}},"48":{"start":{"line":49,"column":0},"end":{"line":49,"column":0}},"49":{"start":{"line":50,"column":0},"end":{"line":50,"column":72}},"50":{"start":{"line":51,"column":0},"end":{"line":51,"column":14}},"51":{"start":{"line":52,"column":0},"end":{"line":52,"column":2}},"52":{"start":{"line":53,"column":0},"end":{"line":53,"column":0}},"53":{"start":{"line":54,"column":0},"end":{"line":54,"column":50}},"54":{"start":{"line":55,"column":0},"end":{"line":55,"column":27}},"55":{"start":{"line":56,"column":0},"end":{"line":56,"column":32}},"56":{"start":{"line":57,"column":0},"end":{"line":57,"column":42}},"57":{"start":{"line":58,"column":0},"end":{"line":58,"column":49}},"58":{"start":{"line":59,"column":0},"end":{"line":59,"column":62}},"59":{"start":{"line":60,"column":0},"end":{"line":60,"column":23}},"60":{"start":{"line":61,"column":0},"end":{"line":61,"column":6}},"61":{"start":{"line":62,"column":0},"end":{"line":62,"column":2}},"62":{"start":{"line":63,"column":0},"end":{"line":63,"column":0}},"63":{"start":{"line":64,"column":0},"end":{"line":64,"column":48}},"64":{"start":{"line":65,"column":0},"end":{"line":65,"column":20}},"65":{"start":{"line":66,"column":0},"end":{"line":66,"column":61}},"66":{"start":{"line":67,"column":0},"end":{"line":67,"column":2}},"67":{"start":{"line":68,"column":0},"end":{"line":68,"column":0}},"68":{"start":{"line":69,"column":0},"end":{"line":69,"column":80}},"69":{"start":{"line":70,"column":0},"end":{"line":70,"column":16}},"70":{"start":{"line":71,"column":0},"end":{"line":71,"column":2}},"71":{"start":{"line":72,"column":0},"end":{"line":72,"column":0}},"72":{"start":{"line":73,"column":0},"end":{"line":73,"column":31}},"73":{"start":{"line":74,"column":0},"end":{"line":74,"column":15}},"74":{"start":{"line":75,"column":0},"end":{"line":75,"column":15}},"75":{"start":{"line":76,"column":0},"end":{"line":76,"column":14}},"76":{"start":{"line":77,"column":0},"end":{"line":77,"column":60}},"77":{"start":{"line":78,"column":0},"end":{"line":78,"column":64}},"78":{"start":{"line":79,"column":0},"end":{"line":79,"column":56}},"79":{"start":{"line":80,"column":0},"end":{"line":80,"column":58}},"80":{"start":{"line":81,"column":0},"end":{"line":81,"column":40}},"81":{"start":{"line":82,"column":0},"end":{"line":82,"column":48}},"82":{"start":{"line":83,"column":0},"end":{"line":83,"column":58}},"83":{"start":{"line":84,"column":0},"end":{"line":84,"column":41}},"84":{"start":{"line":85,"column":0},"end":{"line":85,"column":4}},"85":{"start":{"line":86,"column":0},"end":{"line":86,"column":13}},"86":{"start":{"line":87,"column":0},"end":{"line":87,"column":29}},"87":{"start":{"line":88,"column":0},"end":{"line":88,"column":25}},"88":{"start":{"line":89,"column":0},"end":{"line":89,"column":5}},"89":{"start":{"line":90,"column":0},"end":{"line":90,"column":4}},"90":{"start":{"line":91,"column":0},"end":{"line":91,"column":26}},"91":{"start":{"line":92,"column":0},"end":{"line":92,"column":11}},"92":{"start":{"line":93,"column":0},"end":{"line":93,"column":51}},"93":{"start":{"line":94,"column":0},"end":{"line":94,"column":38}},"94":{"start":{"line":95,"column":0},"end":{"line":95,"column":27}},"95":{"start":{"line":96,"column":0},"end":{"line":96,"column":8}},"96":{"start":{"line":97,"column":0},"end":{"line":97,"column":60}},"97":{"start":{"line":98,"column":0},"end":{"line":98,"column":39}},"98":{"start":{"line":99,"column":0},"end":{"line":99,"column":44}},"99":{"start":{"line":100,"column":0},"end":{"line":100,"column":8}},"100":{"start":{"line":101,"column":0},"end":{"line":101,"column":61}},"101":{"start":{"line":102,"column":0},"end":{"line":102,"column":36}},"102":{"start":{"line":103,"column":0},"end":{"line":103,"column":39}},"103":{"start":{"line":104,"column":0},"end":{"line":104,"column":37}},"104":{"start":{"line":105,"column":0},"end":{"line":105,"column":8}},"105":{"start":{"line":106,"column":0},"end":{"line":106,"column":52}},"106":{"start":{"line":107,"column":0},"end":{"line":107,"column":26}},"107":{"start":{"line":108,"column":0},"end":{"line":108,"column":39}},"108":{"start":{"line":109,"column":0},"end":{"line":109,"column":38}},"109":{"start":{"line":110,"column":0},"end":{"line":110,"column":8}},"110":{"start":{"line":111,"column":0},"end":{"line":111,"column":49}},"111":{"start":{"line":112,"column":0},"end":{"line":112,"column":38}},"112":{"start":{"line":113,"column":0},"end":{"line":113,"column":8}},"113":{"start":{"line":114,"column":0},"end":{"line":114,"column":58}},"114":{"start":{"line":115,"column":0},"end":{"line":115,"column":26}},"115":{"start":{"line":116,"column":0},"end":{"line":116,"column":39}},"116":{"start":{"line":117,"column":0},"end":{"line":117,"column":44}},"117":{"start":{"line":118,"column":0},"end":{"line":118,"column":8}},"118":{"start":{"line":119,"column":0},"end":{"line":119,"column":59}},"119":{"start":{"line":120,"column":0},"end":{"line":120,"column":41}},"120":{"start":{"line":121,"column":0},"end":{"line":121,"column":39}},"121":{"start":{"line":122,"column":0},"end":{"line":122,"column":37}},"122":{"start":{"line":123,"column":0},"end":{"line":123,"column":8}},"123":{"start":{"line":124,"column":0},"end":{"line":124,"column":54}},"124":{"start":{"line":125,"column":0},"end":{"line":125,"column":38}},"125":{"start":{"line":126,"column":0},"end":{"line":126,"column":38}},"126":{"start":{"line":127,"column":0},"end":{"line":127,"column":8}},"127":{"start":{"line":128,"column":0},"end":{"line":128,"column":63}},"128":{"start":{"line":129,"column":0},"end":{"line":129,"column":38}},"129":{"start":{"line":130,"column":0},"end":{"line":130,"column":39}},"130":{"start":{"line":131,"column":0},"end":{"line":131,"column":44}},"131":{"start":{"line":132,"column":0},"end":{"line":132,"column":8}},"132":{"start":{"line":133,"column":0},"end":{"line":133,"column":64}},"133":{"start":{"line":134,"column":0},"end":{"line":134,"column":36}},"134":{"start":{"line":135,"column":0},"end":{"line":135,"column":39}},"135":{"start":{"line":136,"column":0},"end":{"line":136,"column":37}},"136":{"start":{"line":137,"column":0},"end":{"line":137,"column":8}},"137":{"start":{"line":138,"column":0},"end":{"line":138,"column":52}},"138":{"start":{"line":139,"column":0},"end":{"line":139,"column":38}},"139":{"start":{"line":140,"column":0},"end":{"line":140,"column":8}},"140":{"start":{"line":141,"column":0},"end":{"line":141,"column":61}},"141":{"start":{"line":142,"column":0},"end":{"line":142,"column":39}},"142":{"start":{"line":143,"column":0},"end":{"line":143,"column":44}},"143":{"start":{"line":144,"column":0},"end":{"line":144,"column":8}},"144":{"start":{"line":145,"column":0},"end":{"line":145,"column":62}},"145":{"start":{"line":146,"column":0},"end":{"line":146,"column":41}},"146":{"start":{"line":147,"column":0},"end":{"line":147,"column":39}},"147":{"start":{"line":148,"column":0},"end":{"line":148,"column":37}},"148":{"start":{"line":149,"column":0},"end":{"line":149,"column":8}},"149":{"start":{"line":150,"column":0},"end":{"line":150,"column":51}},"150":{"start":{"line":151,"column":0},"end":{"line":151,"column":35}},"151":{"start":{"line":152,"column":0},"end":{"line":152,"column":8}},"152":{"start":{"line":153,"column":0},"end":{"line":153,"column":60}},"153":{"start":{"line":154,"column":0},"end":{"line":154,"column":44}},"154":{"start":{"line":155,"column":0},"end":{"line":155,"column":36}},"155":{"start":{"line":156,"column":0},"end":{"line":156,"column":8}},"156":{"start":{"line":157,"column":0},"end":{"line":157,"column":61}},"157":{"start":{"line":158,"column":0},"end":{"line":158,"column":38}},"158":{"start":{"line":159,"column":0},"end":{"line":159,"column":36}},"159":{"start":{"line":160,"column":0},"end":{"line":160,"column":9}},"160":{"start":{"line":161,"column":0},"end":{"line":161,"column":3}},"161":{"start":{"line":162,"column":0},"end":{"line":162,"column":3}},"162":{"start":{"line":163,"column":0},"end":{"line":163,"column":0}},"163":{"start":{"line":164,"column":0},"end":{"line":164,"column":49}},"164":{"start":{"line":165,"column":0},"end":{"line":165,"column":14}},"165":{"start":{"line":166,"column":0},"end":{"line":166,"column":24}},"166":{"start":{"line":167,"column":0},"end":{"line":167,"column":19}},"167":{"start":{"line":168,"column":0},"end":{"line":168,"column":20}},"168":{"start":{"line":169,"column":0},"end":{"line":169,"column":15}},"169":{"start":{"line":170,"column":0},"end":{"line":170,"column":27}},"170":{"start":{"line":171,"column":0},"end":{"line":171,"column":21}},"171":{"start":{"line":172,"column":0},"end":{"line":172,"column":24}},"172":{"start":{"line":173,"column":0},"end":{"line":173,"column":15}},"173":{"start":{"line":174,"column":0},"end":{"line":174,"column":24}},"174":{"start":{"line":175,"column":0},"end":{"line":175,"column":33}}},"s":{"0":1,"1":1,"2":1,"3":1,"4":1,"5":1,"6":1,"7":1,"8":1,"9":1,"10":1,"11":1,"12":1,"13":1,"14":1,"15":1,"16":1,"17":1,"18":1,"19":1,"20":1,"21":1,"22":1,"23":1,"24":1,"25":1,"26":1,"27":1,"28":1,"29":1,"30":1,"31":1,"32":1,"33":1,"34":1,"35":0,"36":0,"37":0,"38":0,"39":0,"40":1,"41":1,"42":1,"43":0,"44":0,"45":0,"46":0,"47":1,"48":1,"49":1,"50":0,"51":1,"52":1,"53":1,"54":1,"55":1,"56":0,"57":0,"58":0,"59":0,"60":0,"61":1,"62":1,"63":1,"64":1,"65":1,"66":1,"67":1,"68":1,"69":0,"70":1,"71":1,"72":1,"73":1,"74":1,"75":1,"76":1,"77":1,"78":1,"79":1,"80":1,"81":1,"82":1,"83":1,"84":1,"85":1,"86":1,"87":1,"88":1,"89":1,"90":1,"91":1,"92":1,"93":1,"94":1,"95":1,"96":1,"97":1,"98":1,"99":1,"100":1,"101":1,"102":1,"103":1,"104":1,"105":1,"106":1,"107":1,"108":1,"109":1,"110":1,"111":1,"112":1,"113":1,"114":1,"115":1,"116":1,"117":1,"118":1,"119":1,"120":1,"121":1,"122":1,"123":1,"124":1,"125":1,"126":1,"127":1,"128":1,"129":1,"130":1,"131":1,"132":1,"133":1,"134":1,"135":1,"136":1,"137":1,"138":1,"139":1,"140":1,"141":1,"142":1,"143":1,"144":1,"145":1,"146":1,"147":1,"148":1,"149":1,"150":1,"151":1,"152":1,"153":1,"154":1,"155":1,"156":1,"157":1,"158":1,"159":1,"160":1,"161":1,"162":1,"163":1,"164":1,"165":1,"166":1,"167":1,"168":1,"169":1,"170":1,"171":1,"172":1,"173":1,"174":1},"branchMap":{"0":{"type":"branch","line":77,"loc":{"start":{"line":77,"column":27},"end":{"line":77,"column":43}},"locations":[{"start":{"line":77,"column":27},"end":{"line":77,"column":43}}]},"1":{"type":"branch","line":78,"loc":{"start":{"line":78,"column":30},"end":{"line":78,"column":46}},"locations":[{"start":{"line":78,"column":30},"end":{"line":78,"column":46}}]},"2":{"type":"branch","line":79,"loc":{"start":{"line":79,"column":22},"end":{"line":79,"column":56}},"locations":[{"start":{"line":79,"column":22},"end":{"line":79,"column":56}}]},"3":{"type":"branch","line":79,"loc":{"start":{"line":79,"column":43},"end":{"line":79,"column":45}},"locations":[{"start":{"line":79,"column":43},"end":{"line":79,"column":45}}]},"4":{"type":"branch","line":79,"loc":{"start":{"line":79,"column":49},"end":{"line":79,"column":55}},"locations":[{"start":{"line":79,"column":49},"end":{"line":79,"column":55}}]},"5":{"type":"branch","line":80,"loc":{"start":{"line":80,"column":23},"end":{"line":80,"column":58}},"locations":[{"start":{"line":80,"column":23},"end":{"line":80,"column":58}}]},"6":{"type":"branch","line":80,"loc":{"start":{"line":80,"column":44},"end":{"line":80,"column":46}},"locations":[{"start":{"line":80,"column":44},"end":{"line":80,"column":46}}]},"7":{"type":"branch","line":80,"loc":{"start":{"line":80,"column":51},"end":{"line":80,"column":57}},"locations":[{"start":{"line":80,"column":51},"end":{"line":80,"column":57}}]},"8":{"type":"branch","line":81,"loc":{"start":{"line":81,"column":18},"end":{"line":81,"column":34}},"locations":[{"start":{"line":81,"column":18},"end":{"line":81,"column":34}}]},"9":{"type":"branch","line":82,"loc":{"start":{"line":82,"column":24},"end":{"line":82,"column":40}},"locations":[{"start":{"line":82,"column":24},"end":{"line":82,"column":40}}]},"10":{"type":"branch","line":83,"loc":{"start":{"line":83,"column":27},"end":{"line":83,"column":43}},"locations":[{"start":{"line":83,"column":27},"end":{"line":83,"column":43}}]},"11":{"type":"branch","line":84,"loc":{"start":{"line":84,"column":19},"end":{"line":84,"column":35}},"locations":[{"start":{"line":84,"column":19},"end":{"line":84,"column":35}}]},"12":{"type":"branch","line":87,"loc":{"start":{"line":87,"column":17},"end":{"line":89,"column":5}},"locations":[{"start":{"line":87,"column":17},"end":{"line":89,"column":5}}]},"13":{"type":"branch","line":91,"loc":{"start":{"line":91,"column":15},"end":{"line":161,"column":3}},"locations":[{"start":{"line":91,"column":15},"end":{"line":161,"column":3}}]},"14":{"type":"branch","line":93,"loc":{"start":{"line":93,"column":39},"end":{"line":96,"column":7}},"locations":[{"start":{"line":93,"column":39},"end":{"line":96,"column":7}}]},"15":{"type":"branch","line":97,"loc":{"start":{"line":97,"column":40},"end":{"line":100,"column":7}},"locations":[{"start":{"line":97,"column":40},"end":{"line":100,"column":7}}]},"16":{"type":"branch","line":101,"loc":{"start":{"line":101,"column":41},"end":{"line":105,"column":7}},"locations":[{"start":{"line":101,"column":41},"end":{"line":105,"column":7}}]},"17":{"type":"branch","line":106,"loc":{"start":{"line":106,"column":40},"end":{"line":110,"column":7}},"locations":[{"start":{"line":106,"column":40},"end":{"line":110,"column":7}}]},"18":{"type":"branch","line":111,"loc":{"start":{"line":111,"column":37},"end":{"line":113,"column":7}},"locations":[{"start":{"line":111,"column":37},"end":{"line":113,"column":7}}]},"19":{"type":"branch","line":114,"loc":{"start":{"line":114,"column":38},"end":{"line":118,"column":7}},"locations":[{"start":{"line":114,"column":38},"end":{"line":118,"column":7}}]},"20":{"type":"branch","line":119,"loc":{"start":{"line":119,"column":39},"end":{"line":123,"column":7}},"locations":[{"start":{"line":119,"column":39},"end":{"line":123,"column":7}}]},"21":{"type":"branch","line":124,"loc":{"start":{"line":124,"column":42},"end":{"line":127,"column":7}},"locations":[{"start":{"line":124,"column":42},"end":{"line":127,"column":7}}]},"22":{"type":"branch","line":128,"loc":{"start":{"line":128,"column":43},"end":{"line":132,"column":7}},"locations":[{"start":{"line":128,"column":43},"end":{"line":132,"column":7}}]},"23":{"type":"branch","line":133,"loc":{"start":{"line":133,"column":44},"end":{"line":137,"column":7}},"locations":[{"start":{"line":133,"column":44},"end":{"line":137,"column":7}}]},"24":{"type":"branch","line":138,"loc":{"start":{"line":138,"column":40},"end":{"line":140,"column":7}},"locations":[{"start":{"line":138,"column":40},"end":{"line":140,"column":7}}]},"25":{"type":"branch","line":141,"loc":{"start":{"line":141,"column":41},"end":{"line":144,"column":7}},"locations":[{"start":{"line":141,"column":41},"end":{"line":144,"column":7}}]},"26":{"type":"branch","line":145,"loc":{"start":{"line":145,"column":42},"end":{"line":149,"column":7}},"locations":[{"start":{"line":145,"column":42},"end":{"line":149,"column":7}}]},"27":{"type":"branch","line":150,"loc":{"start":{"line":150,"column":39},"end":{"line":152,"column":7}},"locations":[{"start":{"line":150,"column":39},"end":{"line":152,"column":7}}]},"28":{"type":"branch","line":153,"loc":{"start":{"line":153,"column":40},"end":{"line":156,"column":7}},"locations":[{"start":{"line":153,"column":40},"end":{"line":156,"column":7}}]},"29":{"type":"branch","line":157,"loc":{"start":{"line":157,"column":41},"end":{"line":160,"column":7}},"locations":[{"start":{"line":157,"column":41},"end":{"line":160,"column":7}}]}},"b":{"0":[1],"1":[1],"2":[1],"3":[0],"4":[0],"5":[1],"6":[0],"7":[0],"8":[1],"9":[1],"10":[1],"11":[1],"12":[1],"13":[1],"14":[1],"15":[1],"16":[1],"17":[1],"18":[1],"19":[1],"20":[1],"21":[1],"22":[1],"23":[1],"24":[1],"25":[1],"26":[1],"27":[1],"28":[1],"29":[1]},"fnMap":{"0":{"name":"isAuthCheckedSelector","decl":{"start":{"line":77,"column":27},"end":{"line":77,"column":43}},"loc":{"start":{"line":77,"column":27},"end":{"line":77,"column":43}},"line":77},"1":{"name":"loginUserRequestSelector","decl":{"start":{"line":78,"column":30},"end":{"line":78,"column":46}},"loc":{"start":{"line":78,"column":30},"end":{"line":78,"column":46}},"line":78},"2":{"name":"userNameSelector","decl":{"start":{"line":79,"column":22},"end":{"line":79,"column":56}},"loc":{"start":{"line":79,"column":22},"end":{"line":79,"column":56}},"line":79},"3":{"name":"userEmailSelector","decl":{"start":{"line":80,"column":23},"end":{"line":80,"column":58}},"loc":{"start":{"line":80,"column":23},"end":{"line":80,"column":58}},"line":80},"4":{"name":"userSelector","decl":{"start":{"line":81,"column":18},"end":{"line":81,"column":34}},"loc":{"start":{"line":81,"column":18},"end":{"line":81,"column":34}},"line":81},"5":{"name":"userOrdersSelector","decl":{"start":{"line":82,"column":24},"end":{"line":82,"column":40}},"loc":{"start":{"line":82,"column":24},"end":{"line":82,"column":40}},"line":82},"6":{"name":"ordersRequestSelector","decl":{"start":{"line":83,"column":27},"end":{"line":83,"column":43}},"loc":{"start":{"line":83,"column":27},"end":{"line":83,"column":43}},"line":83},"7":{"name":"errorSelector","decl":{"start":{"line":84,"column":19},"end":{"line":84,"column":35}},"loc":{"start":{"line":84,"column":19},"end":{"line":84,"column":35}},"line":84},"8":{"name":"clearErrors","decl":{"start":{"line":87,"column":17},"end":{"line":89,"column":5}},"loc":{"start":{"line":87,"column":17},"end":{"line":89,"column":5}},"line":87},"9":{"name":"extraReducers","decl":{"start":{"line":91,"column":15},"end":{"line":161,"column":3}},"loc":{"start":{"line":91,"column":15},"end":{"line":161,"column":3}},"line":91}},"f":{"0":1,"1":1,"2":1,"3":1,"4":1,"5":1,"6":1,"7":1,"8":1,"9":1}}
}
