TN:
SF:src\services\slices\burgerConstructorSlice.ts
FN:25,burgerConstructorSelector
FN:30,reducer
FN:37,prepare
FN:42,upIngredient
FN:47,downIngredient
FN:52,removeIngredient
FN:61,clearBurgerConstructor
FNF:7
FNH:7
FNDA:1,burgerConstructorSelector
FNDA:2,reducer
FNDA:2,prepare
FNDA:1,upIngredient
FNDA:1,downIngredient
FNDA:1,removeIngredient
FNDA:1,clearBurgerConstructor
DA:1,1
DA:2,1
DA:3,1
DA:4,1
DA:5,1
DA:6,1
DA:7,1
DA:8,1
DA:9,1
DA:10,1
DA:11,1
DA:12,1
DA:13,1
DA:14,1
DA:15,1
DA:16,1
DA:17,1
DA:18,1
DA:19,1
DA:20,1
DA:21,1
DA:22,1
DA:23,1
DA:24,1
DA:25,1
DA:26,1
DA:27,1
DA:28,1
DA:29,1
DA:30,1
DA:31,2
DA:32,1
DA:33,1
DA:34,1
DA:35,1
DA:36,1
DA:37,1
DA:38,2
DA:39,2
DA:40,2
DA:41,1
DA:42,1
DA:43,1
DA:44,1
DA:45,1
DA:46,1
DA:47,1
DA:48,1
DA:49,1
DA:50,1
DA:51,1
DA:52,1
DA:53,1
DA:54,1
DA:55,1
DA:56,1
DA:57,1
DA:58,1
DA:59,1
DA:60,1
DA:61,1
DA:62,1
DA:63,1
DA:64,1
DA:65,1
DA:66,1
DA:67,1
DA:68,1
DA:69,1
DA:70,1
DA:71,1
DA:72,1
DA:73,1
DA:74,1
DA:75,1
DA:76,1
LF:76
LH:76
BRDA:25,0,0,1
BRDA:30,1,0,2
BRDA:31,2,0,1
BRDA:37,3,0,2
BRDA:42,4,0,1
BRDA:47,5,0,1
BRDA:52,6,0,1
BRDA:58,7,0,1
BRDA:61,8,0,1
BRF:9
BRH:9
end_of_record
TN:
SF:src\services\slices\feedSlice.ts
FN:38,ordersSelector
FN:39,isFeedsLoadingSelector
FN:40,orderSelector
FN:41,isOrderLoadingSelector
FN:42,totalSelector
FN:43,totalTodaySelector
FN:46,extraReducers
FNF:7
FNH:7
FNDA:1,ordersSelector
FNDA:1,isFeedsLoadingSelector
FNDA:1,orderSelector
FNDA:1,isOrderLoadingSelector
FNDA:1,totalSelector
FNDA:1,totalTodaySelector
FNDA:1,extraReducers
DA:1,1
DA:2,1
DA:3,1
DA:4,1
DA:5,1
DA:6,1
DA:7,1
DA:8,1
DA:9,1
DA:10,1
DA:11,1
DA:12,1
DA:13,1
DA:14,1
DA:15,1
DA:16,1
DA:17,1
DA:18,1
DA:19,1
DA:20,1
DA:21,1
DA:22,1
DA:23,1
DA:24,1
DA:25,1
DA:26,0
DA:27,1
DA:28,1
DA:29,1
DA:30,1
DA:31,1
DA:32,1
DA:33,1
DA:34,1
DA:35,1
DA:36,1
DA:37,1
DA:38,1
DA:39,1
DA:40,1
DA:41,1
DA:42,1
DA:43,1
DA:44,1
DA:45,1
DA:46,1
DA:47,1
DA:48,1
DA:49,1
DA:50,1
DA:51,1
DA:52,1
DA:53,1
DA:54,1
DA:55,1
DA:56,1
DA:57,1
DA:58,1
DA:59,1
DA:60,1
DA:61,1
DA:62,1
DA:63,1
DA:64,1
DA:65,1
DA:66,1
DA:67,1
DA:68,1
DA:69,1
DA:70,1
DA:71,1
DA:72,1
DA:73,1
DA:74,1
DA:75,1
DA:76,1
DA:77,1
DA:78,1
DA:79,1
DA:80,1
DA:81,1
DA:82,1
DA:83,1
DA:84,1
DA:85,1
DA:86,1
LF:86
LH:85
BRDA:38,0,0,1
BRDA:39,1,0,1
BRDA:40,2,0,1
BRDA:41,3,0,1
BRDA:42,4,0,1
BRDA:43,5,0,1
BRDA:46,6,0,1
BRDA:48,7,0,1
BRDA:51,8,0,1
BRDA:55,9,0,1
BRDA:62,10,0,1
BRDA:65,11,0,1
BRDA:69,12,0,1
BRF:13
BRH:13
end_of_record
TN:
SF:src\services\slices\ingredientsSlice.ts
FN:26,ingredientsSelector
FN:27,isIngredientsLoadingSelector
FN:30,extraReducers
FNF:3
FNH:3
FNDA:1,ingredientsSelector
FNDA:1,isIngredientsLoadingSelector
FNDA:1,extraReducers
DA:1,1
DA:2,1
DA:3,1
DA:4,1
DA:5,1
DA:6,1
DA:7,1
DA:8,1
DA:9,1
DA:10,1
DA:11,1
DA:12,1
DA:13,1
DA:14,1
DA:15,1
DA:16,1
DA:17,1
DA:18,1
DA:19,1
DA:20,1
DA:21,1
DA:22,1
DA:23,1
DA:24,1
DA:25,1
DA:26,1
DA:27,1
DA:28,1
DA:29,1
DA:30,1
DA:31,1
DA:32,1
DA:33,1
DA:34,1
DA:35,1
DA:36,1
DA:37,1
DA:38,1
DA:39,1
DA:40,1
DA:41,1
DA:42,1
DA:43,1
DA:44,1
DA:45,1
DA:46,1
DA:47,1
DA:48,1
LF:48
LH:48
BRDA:26,0,0,1
BRDA:27,1,0,1
BRDA:30,2,0,1
BRDA:32,3,0,1
BRDA:35,4,0,1
BRDA:39,5,0,1
BRF:6
BRH:6
end_of_record
TN:
SF:src\services\slices\orderSlice.ts
FN:27,isOrderLoadingSelector
FN:28,orderSelector
FN:31,clearOrder
FN:36,extraReducers
FNF:4
FNH:4
FNDA:1,isOrderLoadingSelector
FNDA:1,orderSelector
FNDA:1,clearOrder
FNDA:1,extraReducers
DA:1,1
DA:2,1
DA:3,1
DA:4,1
DA:5,1
DA:6,1
DA:7,1
DA:8,1
DA:9,1
DA:10,1
DA:11,1
DA:12,1
DA:13,1
DA:14,1
DA:15,1
DA:16,1
DA:17,1
DA:18,1
DA:19,1
DA:20,1
DA:21,1
DA:22,1
DA:23,1
DA:24,1
DA:25,1
DA:26,1
DA:27,1
DA:28,1
DA:29,1
DA:30,1
DA:31,1
DA:32,1
DA:33,1
DA:34,1
DA:35,1
DA:36,1
DA:37,1
DA:38,1
DA:39,1
DA:40,1
DA:41,1
DA:42,1
DA:43,1
DA:44,1
DA:45,1
DA:46,1
DA:47,1
DA:48,1
DA:49,1
DA:50,1
DA:51,1
DA:52,1
DA:53,1
DA:54,1
LF:54
LH:54
BRDA:27,0,0,1
BRDA:28,1,0,1
BRDA:31,2,0,1
BRDA:36,3,0,1
BRDA:38,4,0,1
BRDA:41,5,0,1
BRDA:45,6,0,1
BRF:7
BRH:7
end_of_record
TN:
SF:src\services\slices\userSlice.ts
FN:77,isAuthCheckedSelector
FN:78,loginUserRequestSelector
FN:79,userNameSelector
FN:80,userEmailSelector
FN:81,userSelector
FN:82,userOrdersSelector
FN:83,ordersRequestSelector
FN:84,errorSelector
FN:87,clearErrors
FN:91,extraReducers
FNF:10
FNH:10
FNDA:1,isAuthCheckedSelector
FNDA:1,loginUserRequestSelector
FNDA:1,userNameSelector
FNDA:1,userEmailSelector
FNDA:1,userSelector
FNDA:1,userOrdersSelector
FNDA:1,ordersRequestSelector
FNDA:1,errorSelector
FNDA:1,clearErrors
FNDA:1,extraReducers
DA:1,1
DA:2,1
DA:3,1
DA:4,1
DA:5,1
DA:6,1
DA:7,1
DA:8,1
DA:9,1
DA:10,1
DA:11,1
DA:12,1
DA:13,1
DA:14,1
DA:15,1
DA:16,1
DA:17,1
DA:18,1
DA:19,1
DA:20,1
DA:21,1
DA:22,1
DA:23,1
DA:24,1
DA:25,1
DA:26,1
DA:27,1
DA:28,1
DA:29,1
DA:30,1
DA:31,1
DA:32,1
DA:33,1
DA:34,1
DA:35,1
DA:36,0
DA:37,0
DA:38,0
DA:39,0
DA:40,0
DA:41,1
DA:42,1
DA:43,1
DA:44,0
DA:45,0
DA:46,0
DA:47,0
DA:48,1
DA:49,1
DA:50,1
DA:51,0
DA:52,1
DA:53,1
DA:54,1
DA:55,1
DA:56,1
DA:57,0
DA:58,0
DA:59,0
DA:60,0
DA:61,0
DA:62,1
DA:63,1
DA:64,1
DA:65,1
DA:66,1
DA:67,1
DA:68,1
DA:69,1
DA:70,0
DA:71,1
DA:72,1
DA:73,1
DA:74,1
DA:75,1
DA:76,1
DA:77,1
DA:78,1
DA:79,1
DA:80,1
DA:81,1
DA:82,1
DA:83,1
DA:84,1
DA:85,1
DA:86,1
DA:87,1
DA:88,1
DA:89,1
DA:90,1
DA:91,1
DA:92,1
DA:93,1
DA:94,1
DA:95,1
DA:96,1
DA:97,1
DA:98,1
DA:99,1
DA:100,1
DA:101,1
DA:102,1
DA:103,1
DA:104,1
DA:105,1
DA:106,1
DA:107,1
DA:108,1
DA:109,1
DA:110,1
DA:111,1
DA:112,1
DA:113,1
DA:114,1
DA:115,1
DA:116,1
DA:117,1
DA:118,1
DA:119,1
DA:120,1
DA:121,1
DA:122,1
DA:123,1
DA:124,1
DA:125,1
DA:126,1
DA:127,1
DA:128,1
DA:129,1
DA:130,1
DA:131,1
DA:132,1
DA:133,1
DA:134,1
DA:135,1
DA:136,1
DA:137,1
DA:138,1
DA:139,1
DA:140,1
DA:141,1
DA:142,1
DA:143,1
DA:144,1
DA:145,1
DA:146,1
DA:147,1
DA:148,1
DA:149,1
DA:150,1
DA:151,1
DA:152,1
DA:153,1
DA:154,1
DA:155,1
DA:156,1
DA:157,1
DA:158,1
DA:159,1
DA:160,1
DA:161,1
DA:162,1
DA:163,1
DA:164,1
DA:165,1
DA:166,1
DA:167,1
DA:168,1
DA:169,1
DA:170,1
DA:171,1
DA:172,1
DA:173,1
DA:174,1
DA:175,1
LF:175
LH:159
BRDA:77,0,0,1
BRDA:78,1,0,1
BRDA:79,2,0,1
BRDA:79,3,0,0
BRDA:79,4,0,0
BRDA:80,5,0,1
BRDA:80,6,0,0
BRDA:80,7,0,0
BRDA:81,8,0,1
BRDA:82,9,0,1
BRDA:83,10,0,1
BRDA:84,11,0,1
BRDA:87,12,0,1
BRDA:91,13,0,1
BRDA:93,14,0,1
BRDA:97,15,0,1
BRDA:101,16,0,1
BRDA:106,17,0,1
BRDA:111,18,0,1
BRDA:114,19,0,1
BRDA:119,20,0,1
BRDA:124,21,0,1
BRDA:128,22,0,1
BRDA:133,23,0,1
BRDA:138,24,0,1
BRDA:141,25,0,1
BRDA:145,26,0,1
BRDA:150,27,0,1
BRDA:153,28,0,1
BRDA:157,29,0,1
BRF:30
BRH:26
end_of_record
